Arguments: 
  D:\NodeJS\node.exe C:\Users\aonguyen\AppData\Roaming\npm\node_modules\yarn\bin\yarn.js add axios

PATH: 
  C:\Windows\system32;C:\Windows;C:\Windows\System32\Wbem;C:\Windows\System32\WindowsPowerShell\v1.0\;D:\NodeJS\;C:\Program Files (x86)\Intel\OpenCL SDK\2.0\bin\x86;C:\Program Files (x86)\Intel\OpenCL SDK\2.0\bin\x64;D:\Git\cmd;C:\Users\aonguyen\AppData\Roaming\npm

Yarn version: 
  1.17.3

Node version: 
  10.16.2

Platform: 
  win32 x64

Trace: 
  Error: https://registry.yarnpkg.com/validator: ESOCKETTIMEDOUT
      at ClientRequest.<anonymous> (C:\Users\aonguyen\AppData\Roaming\npm\node_modules\yarn\lib\cli.js:141091:19)
      at Object.onceWrapper (events.js:286:20)
      at ClientRequest.emit (events.js:198:13)
      at TLSSocket.emitRequestTimeout (_http_client.js:662:40)
      at Object.onceWrapper (events.js:286:20)
      at TLSSocket.emit (events.js:198:13)
      at TLSSocket.Socket._onTimeout (net.js:442:8)
      at ontimeout (timers.js:436:11)
      at tryOnTimeout (timers.js:300:5)
      at listOnTimeout (timers.js:263:5)

npm manifest: 
  {
    "name": "backend",
    "version": "0.0.1",
    "description": "firstProject authentication",
    "main": "app.js",
    "scripts": {
      "test": "echo \"Error: no test specified\" && exit 1",
      "start": "node app.js"
    },
    "author": "AoNguyen",
    "license": "ISC",
    "dependencies": {
      "bcryptjs": "^2.4.3",
      "body-parser": "^1.19.0",
      "cors": "^2.8.5",
      "dotenv-safe": "^8.2.0",
      "express": "^4.17.1",
      "express-session": "^1.17.0",
      "express-validation": "^1.0.3",
      "formidable": "^1.2.1",
      "http-status": "^1.4.2",
      "joi": "^14.3.1",
      "joi-date-extensions": "^1.2.0",
      "jsonwebtoken": "^8.5.1",
      "mongoose": "^5.6.11",
      "morgan": "^1.9.1",
      "passport": "^0.4.0",
      "passport-jwt": "^4.0.0",
      "session-file-store": "^1.3.1",
      "tmp": "^0.1.0",
      "validator": "^11.1.0"
    }
  }

yarn manifest: 
  No manifest

Lockfile: 
  No lockfile
